<?xml version="1.0" encoding="UTF-8"?>
<!-- Generated by org.testng.reporters.JUnitXMLReporter -->
<testsuite hostname="vijji" ignored="0" name="vendor" tests="6" failures="0" timestamp="23 Feb 2019 12:35:29 GMT" time="0.072" errors="0">
  <testcase name="addVendor" time="0.008" classname="abcd.Sample1"/>
  <testcase name="addProduct" time="0.005" classname="abcd.Sample1"/>
  <testcase name="addCurrency" time="0.002" classname="abcd.Sample1"/>
  <testcase name="DeleteVendor" time="0.001" classname="abcd.Sample2"/>
  <testcase name="DeleteProduct" time="0.002" classname="abcd.Sample2"/>
  <testcase name="DeleteCurrency" time="0.002" classname="abcd.Sample2"/>
</testsuite> <!-- vendor -->
